Performing C SOURCE FILE Test CMAKE_HAVE_LIBC_PTHREAD failed with the following output:
Change Dir: /home/zzy/catkin_ws/build/CMakeFiles/CMakeTmp

Run Build Command(s):/usr/bin/make cmTC_9e8bc/fast && /usr/bin/make -f CMakeFiles/cmTC_9e8bc.dir/build.make CMakeFiles/cmTC_9e8bc.dir/build
make[1]: Entering directory '/home/zzy/catkin_ws/build/CMakeFiles/CMakeTmp'
Building C object CMakeFiles/cmTC_9e8bc.dir/src.c.o
/usr/bin/cc   -DCMAKE_HAVE_LIBC_PTHREAD   -o CMakeFiles/cmTC_9e8bc.dir/src.c.o   -c /home/zzy/catkin_ws/build/CMakeFiles/CMakeTmp/src.c
Linking C executable cmTC_9e8bc
/usr/bin/cmake -E cmake_link_script CMakeFiles/cmTC_9e8bc.dir/link.txt --verbose=1
/usr/bin/cc  -DCMAKE_HAVE_LIBC_PTHREAD    -rdynamic CMakeFiles/cmTC_9e8bc.dir/src.c.o  -o cmTC_9e8bc 
/usr/bin/ld: CMakeFiles/cmTC_9e8bc.dir/src.c.o: in function `main':
src.c:(.text+0x48): undefined reference to `pthread_create'
/usr/bin/ld: src.c:(.text+0x50): undefined reference to `pthread_detach'
/usr/bin/ld: src.c:(.text+0x5c): undefined reference to `pthread_join'
collect2: error: ld returned 1 exit status
make[1]: *** [CMakeFiles/cmTC_9e8bc.dir/build.make:87: cmTC_9e8bc] Error 1
make[1]: Leaving directory '/home/zzy/catkin_ws/build/CMakeFiles/CMakeTmp'
make: *** [Makefile:121: cmTC_9e8bc/fast] Error 2


Source file was:
#include <pthread.h>

void* test_func(void* data)
{
  return data;
}

int main(void)
{
  pthread_t thread;
  pthread_create(&thread, NULL, test_func, NULL);
  pthread_detach(thread);
  pthread_join(thread, NULL);
  pthread_atfork(NULL, NULL, NULL);
  pthread_exit(NULL);

  return 0;
}

Determining if the function pthread_create exists in the pthreads failed with the following output:
Change Dir: /home/zzy/catkin_ws/build/CMakeFiles/CMakeTmp

Run Build Command(s):/usr/bin/make cmTC_96b29/fast && /usr/bin/make -f CMakeFiles/cmTC_96b29.dir/build.make CMakeFiles/cmTC_96b29.dir/build
make[1]: Entering directory '/home/zzy/catkin_ws/build/CMakeFiles/CMakeTmp'
Building C object CMakeFiles/cmTC_96b29.dir/CheckFunctionExists.c.o
/usr/bin/cc   -DCHECK_FUNCTION_EXISTS=pthread_create   -o CMakeFiles/cmTC_96b29.dir/CheckFunctionExists.c.o   -c /usr/share/cmake-3.16/Modules/CheckFunctionExists.c
Linking C executable cmTC_96b29
/usr/bin/cmake -E cmake_link_script CMakeFiles/cmTC_96b29.dir/link.txt --verbose=1
/usr/bin/cc  -DCHECK_FUNCTION_EXISTS=pthread_create    -rdynamic CMakeFiles/cmTC_96b29.dir/CheckFunctionExists.c.o  -o cmTC_96b29  -lpthreads 
/usr/bin/ld: cannot find -lpthreads
collect2: error: ld returned 1 exit status
make[1]: *** [CMakeFiles/cmTC_96b29.dir/build.make:87: cmTC_96b29] Error 1
make[1]: Leaving directory '/home/zzy/catkin_ws/build/CMakeFiles/CMakeTmp'
make: *** [Makefile:121: cmTC_96b29/fast] Error 2



Determining if the include file FL/Fl.H exists failed with the following output:
Change Dir: /home/zzy/catkin_ws/build/CMakeFiles/CMakeTmp

Run Build Command(s):/usr/bin/make cmTC_22941/fast && make[1]: Entering directory '/home/zzy/catkin_ws/build/CMakeFiles/CMakeTmp'
/usr/bin/make -f CMakeFiles/cmTC_22941.dir/build.make CMakeFiles/cmTC_22941.dir/build
make[2]: Entering directory '/home/zzy/catkin_ws/build/CMakeFiles/CMakeTmp'
Building CXX object CMakeFiles/cmTC_22941.dir/CheckIncludeFile.cxx.o
/usr/bin/c++     -o CMakeFiles/cmTC_22941.dir/CheckIncludeFile.cxx.o -c /home/zzy/catkin_ws/build/CMakeFiles/CMakeTmp/CheckIncludeFile.cxx
/home/zzy/catkin_ws/build/CMakeFiles/CMakeTmp/CheckIncludeFile.cxx:1:10: fatal error: FL/Fl.H: No such file or directory
    1 | #include <FL/Fl.H>
      |          ^~~~~~~~~
compilation terminated.
make[2]: *** [CMakeFiles/cmTC_22941.dir/build.make:66: CMakeFiles/cmTC_22941.dir/CheckIncludeFile.cxx.o] Error 1
make[2]: Leaving directory '/home/zzy/catkin_ws/build/CMakeFiles/CMakeTmp'
make[1]: *** [Makefile:121: cmTC_22941/fast] Error 2
make[1]: Leaving directory '/home/zzy/catkin_ws/build/CMakeFiles/CMakeTmp'



Determining if the include file pgm.h exists failed with the following output:
Change Dir: /home/zzy/catkin_ws/build/CMakeFiles/CMakeTmp

Run Build Command(s):/usr/bin/make cmTC_40848/fast && make[1]: Entering directory '/home/zzy/catkin_ws/build/CMakeFiles/CMakeTmp'
/usr/bin/make -f CMakeFiles/cmTC_40848.dir/build.make CMakeFiles/cmTC_40848.dir/build
make[2]: Entering directory '/home/zzy/catkin_ws/build/CMakeFiles/CMakeTmp'
Building CXX object CMakeFiles/cmTC_40848.dir/CheckIncludeFile.cxx.o
/usr/bin/c++     -o CMakeFiles/cmTC_40848.dir/CheckIncludeFile.cxx.o -c /home/zzy/catkin_ws/build/CMakeFiles/CMakeTmp/CheckIncludeFile.cxx
/home/zzy/catkin_ws/build/CMakeFiles/CMakeTmp/CheckIncludeFile.cxx:1:10: fatal error: pgm.h: No such file or directory
    1 | #include <pgm.h>
      |          ^~~~~~~
compilation terminated.
make[2]: *** [CMakeFiles/cmTC_40848.dir/build.make:66: CMakeFiles/cmTC_40848.dir/CheckIncludeFile.cxx.o] Error 1
make[2]: Leaving directory '/home/zzy/catkin_ws/build/CMakeFiles/CMakeTmp'
make[1]: *** [Makefile:121: cmTC_40848/fast] Error 2
make[1]: Leaving directory '/home/zzy/catkin_ws/build/CMakeFiles/CMakeTmp'



